<?xml version="1.0" encoding="UTF-8"?>
<!-- Generated by org.testng.reporters.JUnitXMLReporter -->
<testsuite hostname="PRAVEEN-PC" failures="0" tests="4" name="Default test" time="87.85" errors="0" timestamp="10 Jun 2024 17:29:06 GMT">
  <testcase classname="com.bookmyshow.MovieBooking" name="applicationLaunch" time="56.051"/>
  <testcase classname="com.bookmyshow.MovieBooking" name="theatreLocation" time="3.867"/>
  <testcase classname="com.bookmyshow.MovieBooking" name="movieToWatch" time="3.907"/>
  <testcase classname="com.bookmyshow.MovieBooking" name="bookMovie" time="23.859"/>
</testsuite> <!-- Default test -->
