<?xml version="1.0" encoding="UTF-8"?>
<testng-results total="4" passed="4" failed="0" skipped="0">
  <reporter-output>
  </reporter-output>
  <suite started-at="2024-06-10T17:27:38Z" name="Default suite" finished-at="2024-06-10T17:29:06Z" duration-ms="87850">
    <groups>
    </groups>
    <test started-at="2024-06-10T17:27:38Z" name="Default test" finished-at="2024-06-10T17:29:06Z" duration-ms="87850">
      <class name="com.bookmyshow.MovieBooking">
        <test-method is-config="true" signature="beforeSuite()[pri:0, instance:com.bookmyshow.MovieBooking@7a1a14a4]" started-at="2024-06-10T22:57:38Z" name="beforeSuite" finished-at="2024-06-10T22:57:38Z" duration-ms="51" status="PASS">
          <reporter-output>
          </reporter-output>
        </test-method> <!-- beforeSuite -->
        <test-method is-config="true" signature="beforeTest()[pri:0, instance:com.bookmyshow.MovieBooking@7a1a14a4]" started-at="2024-06-10T22:57:38Z" name="beforeTest" finished-at="2024-06-10T22:57:38Z" duration-ms="4" status="PASS">
          <reporter-output>
          </reporter-output>
        </test-method> <!-- beforeTest -->
        <test-method is-config="true" signature="beforeClass()[pri:0, instance:com.bookmyshow.MovieBooking@7a1a14a4]" started-at="2024-06-10T22:57:38Z" name="beforeClass" finished-at="2024-06-10T22:57:38Z" duration-ms="1" status="PASS">
          <reporter-output>
          </reporter-output>
        </test-method> <!-- beforeClass -->
        <test-method is-config="true" signature="beforeMethod()[pri:0, instance:com.bookmyshow.MovieBooking@7a1a14a4]" started-at="2024-06-10T22:57:38Z" name="beforeMethod" finished-at="2024-06-10T22:57:38Z" duration-ms="1" status="PASS">
          <reporter-output>
          </reporter-output>
        </test-method> <!-- beforeMethod -->
        <test-method signature="applicationLaunch()[pri:-1, instance:com.bookmyshow.MovieBooking@7a1a14a4]" started-at="2024-06-10T22:57:38Z" name="applicationLaunch" finished-at="2024-06-10T22:58:34Z" duration-ms="56051" status="PASS">
          <reporter-output>
          </reporter-output>
        </test-method> <!-- applicationLaunch -->
        <test-method is-config="true" signature="afterMethod()[pri:0, instance:com.bookmyshow.MovieBooking@7a1a14a4]" started-at="2024-06-10T22:58:34Z" name="afterMethod" finished-at="2024-06-10T22:58:34Z" duration-ms="1" status="PASS">
          <reporter-output>
          </reporter-output>
        </test-method> <!-- afterMethod -->
        <test-method is-config="true" signature="beforeMethod()[pri:0, instance:com.bookmyshow.MovieBooking@7a1a14a4]" started-at="2024-06-10T22:58:34Z" name="beforeMethod" finished-at="2024-06-10T22:58:34Z" duration-ms="1" status="PASS">
          <reporter-output>
          </reporter-output>
        </test-method> <!-- beforeMethod -->
        <test-method signature="theatreLocation(java.lang.String)[pri:0, instance:com.bookmyshow.MovieBooking@7a1a14a4]" started-at="2024-06-10T22:58:34Z" name="theatreLocation" data-provider="TestData" finished-at="2024-06-10T22:58:38Z" duration-ms="3867" status="PASS">
          <params>
            <param index="0">
              <value>
                <![CDATA[Chennai]]>
              </value>
            </param>
          </params>
          <reporter-output>
          </reporter-output>
        </test-method> <!-- theatreLocation -->
        <test-method is-config="true" signature="afterMethod()[pri:0, instance:com.bookmyshow.MovieBooking@7a1a14a4]" started-at="2024-06-10T22:58:38Z" name="afterMethod" finished-at="2024-06-10T22:58:38Z" duration-ms="0" status="PASS">
          <reporter-output>
          </reporter-output>
        </test-method> <!-- afterMethod -->
        <test-method is-config="true" signature="beforeMethod()[pri:0, instance:com.bookmyshow.MovieBooking@7a1a14a4]" started-at="2024-06-10T22:58:38Z" name="beforeMethod" finished-at="2024-06-10T22:58:38Z" duration-ms="1" status="PASS">
          <reporter-output>
          </reporter-output>
        </test-method> <!-- beforeMethod -->
        <test-method signature="movieToWatch(java.lang.String)[pri:1, instance:com.bookmyshow.MovieBooking@7a1a14a4]" started-at="2024-06-10T22:58:38Z" name="movieToWatch" data-provider="TestData1" finished-at="2024-06-10T22:58:42Z" duration-ms="3907" status="PASS">
          <params>
            <param index="0">
              <value>
                <![CDATA[Garudan]]>
              </value>
            </param>
          </params>
          <reporter-output>
          </reporter-output>
        </test-method> <!-- movieToWatch -->
        <test-method is-config="true" signature="afterMethod()[pri:0, instance:com.bookmyshow.MovieBooking@7a1a14a4]" started-at="2024-06-10T22:58:42Z" name="afterMethod" finished-at="2024-06-10T22:58:42Z" duration-ms="15" status="PASS">
          <reporter-output>
          </reporter-output>
        </test-method> <!-- afterMethod -->
        <test-method is-config="true" signature="beforeMethod()[pri:0, instance:com.bookmyshow.MovieBooking@7a1a14a4]" started-at="2024-06-10T22:58:42Z" name="beforeMethod" finished-at="2024-06-10T22:58:42Z" duration-ms="1" status="PASS">
          <reporter-output>
          </reporter-output>
        </test-method> <!-- beforeMethod -->
        <test-method signature="bookMovie()[pri:2, instance:com.bookmyshow.MovieBooking@7a1a14a4]" started-at="2024-06-10T22:58:42Z" name="bookMovie" finished-at="2024-06-10T22:59:06Z" duration-ms="23859" status="PASS">
          <reporter-output>
          </reporter-output>
        </test-method> <!-- bookMovie -->
        <test-method is-config="true" signature="afterMethod()[pri:0, instance:com.bookmyshow.MovieBooking@7a1a14a4]" started-at="2024-06-10T22:59:06Z" name="afterMethod" finished-at="2024-06-10T22:59:06Z" duration-ms="2" status="PASS">
          <reporter-output>
          </reporter-output>
        </test-method> <!-- afterMethod -->
        <test-method is-config="true" signature="afterClass()[pri:0, instance:com.bookmyshow.MovieBooking@7a1a14a4]" started-at="2024-06-10T22:59:06Z" name="afterClass" finished-at="2024-06-10T22:59:06Z" duration-ms="1" status="PASS">
          <reporter-output>
          </reporter-output>
        </test-method> <!-- afterClass -->
        <test-method is-config="true" signature="afterTest()[pri:0, instance:com.bookmyshow.MovieBooking@7a1a14a4]" started-at="2024-06-10T22:59:06Z" name="afterTest" finished-at="2024-06-10T22:59:06Z" duration-ms="1" status="PASS">
          <reporter-output>
          </reporter-output>
        </test-method> <!-- afterTest -->
        <test-method is-config="true" signature="afterSuite()[pri:0, instance:com.bookmyshow.MovieBooking@7a1a14a4]" started-at="2024-06-10T22:59:06Z" name="afterSuite" finished-at="2024-06-10T22:59:06Z" duration-ms="2" status="PASS">
          <reporter-output>
          </reporter-output>
        </test-method> <!-- afterSuite -->
      </class> <!-- com.bookmyshow.MovieBooking -->
    </test> <!-- Default test -->
  </suite> <!-- Default suite -->
</testng-results>
